Running: C:\Xilinx\14.7\ISE_DS\ISE\bin\nt64\unwrapped\fuse.exe -intstyle ise -incremental -lib unisims_ver -lib unimacro_ver -lib xilinxcorelib_ver -lib secureip -o C:/Xilinx/documents/MIPSCPU/test_isim_beh.exe -prj C:/Xilinx/documents/MIPSCPU/test_beh.prj work.test work.glbl 
ISim P.20131013 (signature 0x7708f090)
Number of CPUs detected in this system: 2
Turning on mult-threading, number of parallel sub-compilation jobs: 4 
Determining compilation order of HDL files
Analyzing Verilog file "C:/Xilinx/documents/MIPSCPU/DATAPATH/mux_RegDst.v" into library work
Analyzing Verilog file "C:/Xilinx/documents/MIPSCPU/DATAPATH/mux.v" into library work
Analyzing Verilog file "C:/Xilinx/documents/MIPSCPU/DATAPATH/IFU.v" into library work
Analyzing Verilog file "C:/Xilinx/documents/MIPSCPU/DATAPATH/GPR.v" into library work
Analyzing Verilog file "C:/Xilinx/documents/MIPSCPU/DATAPATH/extender.v" into library work
Analyzing Verilog file "C:/Xilinx/documents/MIPSCPU/DATAPATH/DM.v" into library work
Analyzing Verilog file "C:/Xilinx/documents/MIPSCPU/DATAPATH/ALU.v" into library work
Analyzing Verilog file "C:/Xilinx/documents/MIPSCPU/control/MIPS_DP.v" into library work
Analyzing Verilog file "C:/Xilinx/documents/MIPSCPU/control/ctrl.v" into library work
Analyzing Verilog file "C:/Xilinx/documents/MIPSCPU/top/MIPS.v" into library work
Analyzing Verilog file "C:/Xilinx/documents/MIPSCPU/test/test.v" into library work
Analyzing Verilog file "C:/Xilinx/14.7/ISE_DS/ISE//verilog/src/glbl.v" into library work
Starting static elaboration
Completed static elaboration
Compiling module ctrl
Compiling module IFU
Compiling module extender
Compiling module ALU
Compiling module mux_RegDst
Compiling module mux
Compiling module GPR
Compiling module DM
Compiling module MIPS_DP
Compiling module MIPS
Compiling module test
Compiling module glbl
Time Resolution for simulation is 1ps.
Waiting for 9 sub-compilation(s) to finish...
Compiled 12 Verilog Units
Built simulation executable C:/Xilinx/documents/MIPSCPU/test_isim_beh.exe
Fuse Memory Usage: 28136 KB
Fuse CPU Usage: 780 ms
